<?xml version="1.0" encoding="UTF-8"?>
<!-- Generated by org.testng.reporters.JUnitReportReporter -->
<testsuite hostname="DD5B-D-1SCR6C2" name="demo.OpenGoogle" tests="1" failures="0" timestamp="19 Sep 2018 08:59:02 GMT" time="5.015" errors="0">
  <testcase name="f" time="5.015" classname="demo.OpenGoogle"/>
</testsuite> <!-- demo.OpenGoogle -->
