<?xml version="1.0" encoding="UTF-8"?>
<!-- Generated by org.testng.reporters.JUnitReportReporter -->
<testsuite hostname="DD5B-D-1SCR6C2" name="demo.Scroll" tests="1" failures="0" timestamp="19 Sep 2018 09:41:27 GMT" time="22.286" errors="0">
  <testcase name="scroll" time="22.286" classname="demo.Scroll"/>
</testsuite> <!-- demo.Scroll -->
